<?xml version="1.0" encoding="UTF-8"?>
<!-- Generated by org.testng.reporters.JUnitReportReporter -->
<testsuite hostname="kgm-lpt-020" failures="0" tests="3" name="com.qa.testcases.Homepagetest" time="6.909" errors="0" timestamp="2025-08-21T14:39:51 IST" skipped="0">
  <testcase classname="com.qa.testcases.Homepagetest" name="verifyProductFilterLowToHigh" time="1.994"/>
  <system-out/>
  <testcase classname="com.qa.testcases.Homepagetest" name="verifyProductaddedtocart" time="2.228"/>
  <system-out/>
  <testcase classname="com.qa.testcases.Homepagetest" name="verifyCheckoutAndPurchase" time="2.687"/>
  <system-out/>
</testsuite> <!-- com.qa.testcases.Homepagetest -->
